\BOOKMARK [1][-]{section.1}{\376\377\000T\000a\000s\000k\000\040\0001\000\040\000-\000\040\000D\000B\000R\000P}{}% 1
\BOOKMARK [1][-]{section.2}{\376\377\000B\000a\000c\000k\000g\000r\000o\000u\000n\000d}{}% 2
\BOOKMARK [2][-]{subsection.2.1}{\376\377\000A\000d\000S\000\040\000\050\000A\000n\000t\000i\000-\000d\000e\000\040\000S\000i\000t\000t\000e\000r\000\051}{section.2}% 3
\BOOKMARK [2][-]{subsection.2.2}{\376\377\000C\000F\000T\000\040\000\050\000C\000o\000n\000f\000o\000r\000m\000a\000l\000\040\000F\000i\000e\000l\000d\000\040\000T\000h\000e\000o\000r\000y\000\051}{section.2}% 4
\BOOKMARK [2][-]{subsection.2.3}{\376\377\000A\000d\000S\000/\000C\000F\000T}{section.2}% 5
\BOOKMARK [3][-]{subsubsection.2.3.1}{\376\377\000S\000p\000a\000c\000e\000t\000i\000m\000e\000\040\000G\000e\000o\000m\000e\000t\000r\000y\000\040\000f\000o\000r\000\040\000A\000d\000S\000/\000C\000F\000T}{subsection.2.3}% 6
\BOOKMARK [2][-]{subsection.2.4}{\376\377\000E\000n\000t\000a\000n\000g\000l\000e\000m\000e\000n\000t\000\040\000M\000e\000a\000s\000u\000r\000e\000m\000e\000n\000t\000s}{section.2}% 7
\BOOKMARK [1][-]{section.3}{\376\377\000D\000i\000s\000c\000r\000e\000t\000e\000\040\000B\000u\000l\000k\000\040\000R\000e\000c\000o\000n\000s\000t\000r\000u\000c\000t\000i\000o\000n\000\040\000P\000r\000o\000b\000l\000e\000m}{}% 8
\BOOKMARK [1][-]{section.4}{\376\377\000P\000r\000o\000b\000l\000e\000m\000\040\000S\000e\000t\000-\000U\000p}{}% 9
\BOOKMARK [2][-]{subsection.4.1}{\376\377\000O\000f\000f\000i\000c\000i\000a\000l\000\040\000S\000t\000a\000t\000e\000m\000e\000n\000t}{section.4}% 10
\BOOKMARK [2][-]{subsection.4.2}{\376\377\000G\000e\000n\000e\000r\000a\000l\000\040\000I\000d\000e\000a}{section.4}% 11
\BOOKMARK [1][-]{section.5}{\376\377\000R\000e\000q\000u\000i\000r\000e\000d\000\040\000P\000r\000o\000p\000e\000r\000t\000i\000e\000s}{}% 12
\BOOKMARK [1][-]{section.6}{\376\377\000\040\000A\000D\000D\000\040\000T\000W\000O\000\040\000P\000H\000O\000T\000O\000S}{}% 13
\BOOKMARK [1][-]{section.7}{\376\377\000H\000o\000l\000o\000g\000r\000a\000p\000h\000i\000c\000\040\000Q\000u\000a\000n\000t\000u\000m\000\040\000S\000t\000a\000t\000e}{}% 14
\BOOKMARK [1][-]{section.8}{\376\377\000D\000B\000R\000P\000\040\000o\000n\000\040\0001\000-\000d\000i\000m\000e\000n\000s\000i\000o\000n\000a\000l\000\040\000H\000i\000l\000b\000e\000r\000t\000\040\000S\000p\000a\000c\000e}{}% 15
\BOOKMARK [1][-]{section.9}{\376\377\000A\000D\000D\000\040\000P\000H\000O\000T\000O}{}% 16
\BOOKMARK [1][-]{section.10}{\376\377\000T\000h\000e\000o\000r\000e\000m\000:\000\040\0001\000D\000\040\000B\000o\000u\000n\000d\000a\000r\000y}{}% 17
\BOOKMARK [1][-]{section.11}{\376\377\000P\000r\000o\000o\000f\000\040\000o\000f\000\040\0001\000D\000,\000\040\000w\000i\000t\000h\000\040\000E\000x\000a\000m\000p\000l\000e\000s}{}% 18
\BOOKMARK [1][-]{section.12}{\376\377\000A\000D\000D\000\040\000P\000H\000O\000T\000O}{}% 19
\BOOKMARK [1][-]{section.13}{\376\377\000C\000h\000o\000r\000d\000\040\000C\000o\000n\000s\000t\000r\000u\000c\000t\000i\000o\000n}{}% 20
\BOOKMARK [1][-]{section.14}{\376\377\000A\000D\000D\000\040\000P\000H\000O\000T\000O}{}% 21
\BOOKMARK [1][-]{section.15}{\376\377\000D\000i\000a\000m\000o\000n\000d\000w\000o\000r\000k\000\040\000C\000o\000n\000s\000t\000r\000u\000c\000t\000i\000o\000n}{}% 22
\BOOKMARK [1][-]{section.16}{\376\377\000A\000D\000D\000\040\000P\000H\000O\000T\000O}{}% 23
\BOOKMARK [1][-]{section.17}{\376\377\000H\000a\000r\000m\000o\000n\000i\000c\000\040\000E\000d\000g\000e\000\040\000W\000e\000i\000g\000h\000t\000s}{}% 24
\BOOKMARK [1][-]{section.18}{\376\377\000A\000D\000D\000\040\000P\000H\000O\000T\000O}{}% 25
\BOOKMARK [1][-]{section.19}{\376\377\000W\000h\000y\000\040\000N\000o\000\040\000B\000l\000a\000c\000k\000\040\000H\000o\000l\000e\000s\000?}{}% 26
\BOOKMARK [1][-]{section.20}{\376\377\000A\000D\000D\000\040\000P\000H\000O\000T\000O}{}% 27
